
ROM used:   1436/8192 (18%)
            1436/8192 (18%) including unused fragments

            0.4 Average locations per line
            4.1 Average locations per statement

RAM used:   32/368 (9%) at main() level
            61/368 (17%) worst case

Stack used: 0 worst case (0 in main + 0 for interrupts)
Stack size: 8

Lines Stmts  %   Files
----- ----- ---  -----
  264   126  36  bai1.c
  708     0   0  C:\Program Files (x86)\PICC\Devices\16f877a.h
  267    94  27  C:\Program Files (x86)\PICC\Devices\lcd.h
 2228     0   0  C:\Program Files (x86)\PICC\Drivers\math.h
  435   129  37  C:\Program Files (x86)\PICC\Drivers\string.h
   32     0   0  C:\Program Files (x86)\PICC\Drivers\stddef.h
   28     0   0  C:\Program Files (x86)\PICC\Drivers\ctype.h
----- -----
 3962   349 Total

Page ROM  %  RAM    Vol Diff  Functions:
---- --- --- ---    --- ----  ----------
0     20   1    1             @delay_ms1
0      8   1    0             @const862
0     92   6    2    594  4.3  lcd_init
0     48   3    3    620  3.8  lcd_read_byte
0     49   3    2    204  3.2  lcd_read_nibble
0     41   3    3    313  3.4  lcd_send_byte
0     46   3    1    336  1.9  lcd_send_nibble
0     35   2    4    335  5.5  lcd_gotoxy
0     36   3    1    272  4.1  lcd_putc
0     22   2    0     47  1.5  lcd_clear
0     29   2    1    158  3.5  kt_bat_tat
 Inline         1    200  4.0  kt_dc1_tang
 Inline         1    204  4.0  kt_dc2_giam
0     50   3    0     61  1.4  hienthi_dc
0     21   1    3             @DIV88
0     53   4    2             @PRINTF_U_856
0    153  11    0    102  2.1  chay_ct_dc
 Inline         2             @MUL88
0     50   3    0    108  1.7  khoi_dong_dc
0     39   3    0     61  1.4  hienthi_sp
0      6   0    0             @const989
0     87   6    5             @PSTRINGCN7_856
0     38   3    0     61  1.4  hienthi_somax
0      6   0    0             @const993
0    105   7    1    732  5.8  demso
0     77   5    0    202  2.6  sosanh_sp
0      5   0    0             @const996
0     86   6    4             @PSTRINGC7_856
0      5   0    0             @const1001
0     54   4    1    300  3.6  nutnhan
0      6   0    0             @const1003
0      6   0    0             @const1004
0     84   6    1    633  4.3  MAIN
 Inline         0             @cinit1

Program metrics:
    Functions               20
    Statements              349
    Comments                472
    Volume (V)              9863
    Difficulty (D)          62.8
    Effort to implement (E) 619723
    Time to implement (T)   9 hours, 34 minutes
    Est Delivered Bugs (B)  2
    Cyclomatic Complexity   31
    Maintainability (MI)    139

 Segment     Used  Free
-----------  ----  ----
00000-00003     4  0  
00004-0004E    75  0  
0004F-007FF  1357  612  
00800-00FFF     0  2048  
01000-017FF     0  2048  
01800-01FFF     0  2048  



